Copying the source directory...
Directory copied !

RUN: 1
  1.1. Training the classifier...
CURRENT POSITION is :  /tmp/loizeaua-34078/NLP-Sentiment-Analysis
Looking for :  /tmp/loizeaua-34078/NLP-Sentiment-Analysis/data/traindata.csv
Epoch: 1, Dev Accuracy: 0.8457
Epoch: 2, Dev Accuracy: 0.8165
Epoch: 3, Dev Accuracy: 0.8218
Epoch: 4, Dev Accuracy: 0.7979
Epoch: 5, Dev Accuracy: 0.8218
Epoch: 6, Dev Accuracy: 0.8484
Epoch: 7, Dev Accuracy: 0.8378
Epoch: 8, Dev Accuracy: 0.8404
Epoch: 9, Dev Accuracy: 0.8537
Epoch: 10, Dev Accuracy: 0.8457
Epoch: 11, Dev Accuracy: 0.8324
Epoch: 12, Dev Accuracy: 0.8378
Epoch: 13, Dev Accuracy: 0.8245
Epoch: 14, Dev Accuracy: 0.8191
Epoch: 15, Dev Accuracy: 0.8245

  1.2. Eval on the dev set... Acc.: 13.30


RUN: 2
  2.1. Training the classifier...
CURRENT POSITION is :  /tmp/loizeaua-34078/NLP-Sentiment-Analysis
Looking for :  /tmp/loizeaua-34078/NLP-Sentiment-Analysis/data/traindata.csv
Epoch: 1, Dev Accuracy: 0.8404
Epoch: 2, Dev Accuracy: 0.8431
Epoch: 3, Dev Accuracy: 0.8378
Epoch: 4, Dev Accuracy: 0.8378
