Collecting wandb
  Downloading wandb-0.14.2-py3-none-any.whl (2.0 MB)
     ━━━━━━━━━━━━━━━━━━━━━━━━━━━━━━━━━━━━━━━━ 2.0/2.0 MB 9.1 MB/s eta 0:00:00
Collecting GitPython!=3.1.29,>=1.0.0
  Downloading GitPython-3.1.31-py3-none-any.whl (184 kB)
     ━━━━━━━━━━━━━━━━━━━━━━━━━━━━━━━━━━━━━━━ 184.3/184.3 kB 5.9 MB/s eta 0:00:00
Requirement already satisfied: PyYAML in /usr/users/xai_boundingboxes/loizeaua/.conda/envs/nlp/lib/python3.9/site-packages (from wandb) (6.0)
Collecting psutil>=5.0.0
  Downloading psutil-5.9.5-cp36-abi3-manylinux_2_12_x86_64.manylinux2010_x86_64.manylinux_2_17_x86_64.manylinux2014_x86_64.whl (282 kB)
     ━━━━━━━━━━━━━━━━━━━━━━━━━━━━━━━━━━━━━━━ 282.1/282.1 kB 9.4 MB/s eta 0:00:00
Collecting setproctitle
  Downloading setproctitle-1.3.2-cp39-cp39-manylinux_2_5_x86_64.manylinux1_x86_64.manylinux_2_17_x86_64.manylinux2014_x86_64.whl (30 kB)
Collecting protobuf!=4.21.0,<5,>=3.15.0
  Downloading protobuf-4.22.3-cp37-abi3-manylinux2014_x86_64.whl (302 kB)
     ━━━━━━━━━━━━━━━━━━━━━━━━━━━━━━━━━━━━━━ 302.4/302.4 kB 10.2 MB/s eta 0:00:00
Requirement already satisfied: typing-extensions in /usr/users/xai_boundingboxes/loizeaua/.conda/envs/nlp/lib/python3.9/site-packages (from wandb) (4.5.0)
Requirement already satisfied: setuptools in /usr/users/xai_boundingboxes/loizeaua/.conda/envs/nlp/lib/python3.9/site-packages (from wandb) (66.0.0)
Collecting pathtools
  Downloading pathtools-0.1.2.tar.gz (11 kB)
  Preparing metadata (setup.py): started
  Preparing metadata (setup.py): finished with status 'done'
Requirement already satisfied: requests<3,>=2.0.0 in /usr/users/xai_boundingboxes/loizeaua/.conda/envs/nlp/lib/python3.9/site-packages (from wandb) (2.28.2)
Collecting Click!=8.0.0,>=7.0
  Downloading click-8.1.3-py3-none-any.whl (96 kB)
     ━━━━━━━━━━━━━━━━━━━━━━━━━━━━━━━━━━━━━━━━ 96.6/96.6 kB 2.3 MB/s eta 0:00:00
Collecting appdirs>=1.4.3
  Downloading appdirs-1.4.4-py2.py3-none-any.whl (9.6 kB)
Collecting sentry-sdk>=1.0.0
  Downloading sentry_sdk-1.20.0-py2.py3-none-any.whl (198 kB)
     ━━━━━━━━━━━━━━━━━━━━━━━━━━━━━━━━━━━━━━━ 198.8/198.8 kB 7.0 MB/s eta 0:00:00
Collecting docker-pycreds>=0.4.0
  Downloading docker_pycreds-0.4.0-py2.py3-none-any.whl (9.0 kB)
Requirement already satisfied: six>=1.4.0 in /usr/users/xai_boundingboxes/loizeaua/.conda/envs/nlp/lib/python3.9/site-packages (from docker-pycreds>=0.4.0->wandb) (1.16.0)
Collecting gitdb<5,>=4.0.1
  Downloading gitdb-4.0.10-py3-none-any.whl (62 kB)
     ━━━━━━━━━━━━━━━━━━━━━━━━━━━━━━━━━━━━━━━━ 62.7/62.7 kB 1.9 MB/s eta 0:00:00
Requirement already satisfied: urllib3<1.27,>=1.21.1 in /usr/users/xai_boundingboxes/loizeaua/.conda/envs/nlp/lib/python3.9/site-packages (from requests<3,>=2.0.0->wandb) (1.26.15)
Requirement already satisfied: charset-normalizer<4,>=2 in /usr/users/xai_boundingboxes/loizeaua/.conda/envs/nlp/lib/python3.9/site-packages (from requests<3,>=2.0.0->wandb) (3.1.0)
Requirement already satisfied: idna<4,>=2.5 in /usr/users/xai_boundingboxes/loizeaua/.conda/envs/nlp/lib/python3.9/site-packages (from requests<3,>=2.0.0->wandb) (3.4)
Requirement already satisfied: certifi>=2017.4.17 in /usr/users/xai_boundingboxes/loizeaua/.conda/envs/nlp/lib/python3.9/site-packages (from requests<3,>=2.0.0->wandb) (2022.12.7)
Collecting smmap<6,>=3.0.1
  Downloading smmap-5.0.0-py3-none-any.whl (24 kB)
Building wheels for collected packages: pathtools
  Building wheel for pathtools (setup.py): started
  Building wheel for pathtools (setup.py): finished with status 'done'
  Created wheel for pathtools: filename=pathtools-0.1.2-py3-none-any.whl size=8791 sha256=67f0199276a97be92f4878617fcba3a8aba4a4b775733aac0528e59be7fd52c6
  Stored in directory: /usr/users/xai_boundingboxes/loizeaua/.cache/pip/wheels/b7/0a/67/ada2a22079218c75a88361c0782855cc72aebc4d18d0289d05
Successfully built pathtools
Installing collected packages: pathtools, appdirs, smmap, setproctitle, sentry-sdk, psutil, protobuf, docker-pycreds, Click, gitdb, GitPython, wandb
Successfully installed Click-8.1.3 GitPython-3.1.31 appdirs-1.4.4 docker-pycreds-0.4.0 gitdb-4.0.10 pathtools-0.1.2 protobuf-4.22.3 psutil-5.9.5 sentry-sdk-1.20.0 setproctitle-1.3.2 smmap-5.0.0 wandb-0.14.2
Finished !
